Content-Type: text/plain; charset="utf-8"
MIME-Version: 1.0
Content-Transfer-Encoding: 8bit
Subject: =?utf-8?q?Contrase=C3=B1a_restablecida_en_127=2E0=2E0=2E1=3A8000?=
From: webmaster@localhost
To: vivisol.plopez@gmail.com
Date: Wed, 11 Nov 2020 15:15:09 -0000
Message-ID: <160510770940.11660.10041737436664695686@DESKTOP-RJ0BUS4>


Ha recibido este correo electrónico porque ha solicitado restablecer la contraseña para su cuenta en 127.0.0.1:8000.

Por favor, vaya a la página siguiente y escoja una nueva contraseña.

http://127.0.0.1:8000/accounts/reset/MQ/ad6a19-cb13f014c1a61a2bb46d5b0efc2ab346/

Su nombre de usuario, en caso de que lo haya olvidado: vivitasol

¡Gracias por usar nuestro sitio!

El equipo de 127.0.0.1:8000



-------------------------------------------------------------------------------
Content-Type: text/plain; charset="utf-8"
MIME-Version: 1.0
Content-Transfer-Encoding: 8bit
Subject: =?utf-8?q?Contrase=C3=B1a_restablecida_en_127=2E0=2E0=2E1=3A8000?=
From: webmaster@localhost
To: vivisol.plopez@gmail.com
Date: Wed, 11 Nov 2020 15:15:09 -0000
Message-ID: <160510770953.11660.9191139450927142015@DESKTOP-RJ0BUS4>


Ha recibido este correo electrónico porque ha solicitado restablecer la contraseña para su cuenta en 127.0.0.1:8000.

Por favor, vaya a la página siguiente y escoja una nueva contraseña.

http://127.0.0.1:8000/accounts/reset/Mg/ad6a19-08726f5afd899b2712f9ef3cd9e53110/

Su nombre de usuario, en caso de que lo haya olvidado: Vivitasol77

¡Gracias por usar nuestro sitio!

El equipo de 127.0.0.1:8000



-------------------------------------------------------------------------------
